DEBUG:docker.utils.config:Trying paths: ['/home/lhe/.docker/config.json', '/home/lhe/.dockercfg']
DEBUG:docker.utils.config:No config file found
DEBUG:docker.utils.config:Trying paths: ['/home/lhe/.docker/config.json', '/home/lhe/.dockercfg']
DEBUG:docker.utils.config:No config file found
DEBUG:docker.utils.config:Trying paths: ['/home/lhe/.docker/config.json', '/home/lhe/.dockercfg']
DEBUG:docker.utils.config:No config file found
DEBUG:docker.utils.config:Trying paths: ['/home/lhe/.docker/config.json', '/home/lhe/.dockercfg']
DEBUG:docker.utils.config:No config file found
DEBUG:docker.utils.config:Trying paths: ['/home/lhe/.docker/config.json', '/home/lhe/.dockercfg']
DEBUG:docker.utils.config:No config file found
DEBUG:docker.utils.config:Trying paths: ['/home/lhe/.docker/config.json', '/home/lhe/.dockercfg']
DEBUG:docker.utils.config:No config file found
DEBUG:docker.utils.config:Trying paths: ['/home/lhe/.docker/config.json', '/home/lhe/.dockercfg']
DEBUG:docker.utils.config:No config file found
DEBUG:docker.utils.config:Trying paths: ['/home/lhe/.docker/config.json', '/home/lhe/.dockercfg']
DEBUG:docker.utils.config:No config file found
DEBUG:docker.utils.config:Trying paths: ['/home/lhe/.docker/config.json', '/home/lhe/.dockercfg']
DEBUG:docker.utils.config:No config file found
DEBUG:docker.utils.config:Trying paths: ['/home/lhe/.docker/config.json', '/home/lhe/.dockercfg']
DEBUG:docker.utils.config:No config file found
DEBUG:docker.utils.config:Trying paths: ['/home/lhe/.docker/config.json', '/home/lhe/.dockercfg']
DEBUG:docker.utils.config:No config file found
DEBUG:docker.utils.config:Trying paths: ['/home/lhe/.docker/config.json', '/home/lhe/.dockercfg']
DEBUG:docker.utils.config:No config file found
DEBUG:urllib3.connectionpool:http://localhost:None "GET /version HTTP/1.1" 200 828
DEBUG:urllib3.connectionpool:http://localhost:None "GET /v1.45/containers/featureform/json HTTP/1.1" 404 45
DEBUG:urllib3.connectionpool:http://localhost:None "POST /v1.45/containers/create?name=featureform HTTP/1.1" 404 63
DEBUG:docker.auth:Looking for auth config
DEBUG:docker.auth:No auth config in memory - loading from filesystem
DEBUG:docker.utils.config:Trying paths: ['/home/lhe/.docker/config.json', '/home/lhe/.dockercfg']
DEBUG:docker.utils.config:No config file found
DEBUG:docker.auth:Looking for auth entry for 'docker.io'
DEBUG:docker.auth:No entry found
DEBUG:docker.auth:No auth config found
DEBUG:urllib3.connectionpool:http://localhost:None "POST /v1.45/images/create?tag=latest&fromImage=featureformcom%2Ffeatureform HTTP/1.1" 200 None
DEBUG:urllib3.connectionpool:http://localhost:None "GET /v1.45/images/featureformcom/featureform:latest/json HTTP/1.1" 200 None
DEBUG:urllib3.connectionpool:http://localhost:None "POST /v1.45/containers/create?name=featureform HTTP/1.1" 201 88
DEBUG:urllib3.connectionpool:http://localhost:None "GET /v1.45/containers/c7078e29f1fb1cceea32baa3b5705c065428f20d4b7c232b98c06c0034d55938/json HTTP/1.1" 200 None
DEBUG:urllib3.connectionpool:http://localhost:None "POST /v1.45/containers/c7078e29f1fb1cceea32baa3b5705c065428f20d4b7c232b98c06c0034d55938/start HTTP/1.1" 204 0
DEBUG:urllib3.connectionpool:http://localhost:None "GET /v1.45/containers/quickstart-postgres/json HTTP/1.1" 404 53
DEBUG:urllib3.connectionpool:http://localhost:None "POST /v1.45/containers/create?name=quickstart-postgres HTTP/1.1" 404 60
DEBUG:docker.auth:Looking for auth config
DEBUG:docker.auth:No auth config in memory - loading from filesystem
DEBUG:docker.utils.config:Trying paths: ['/home/lhe/.docker/config.json', '/home/lhe/.dockercfg']
DEBUG:docker.utils.config:No config file found
DEBUG:docker.auth:Looking for auth entry for 'docker.io'
DEBUG:docker.auth:No entry found
DEBUG:docker.auth:No auth config found
DEBUG:urllib3.connectionpool:http://localhost:None "POST /v1.45/images/create?tag=latest&fromImage=featureformcom%2Fpostgres HTTP/1.1" 200 None
DEBUG:urllib3.connectionpool:http://localhost:None "GET /v1.45/images/featureformcom/postgres:latest/json HTTP/1.1" 200 None
DEBUG:urllib3.connectionpool:http://localhost:None "POST /v1.45/containers/create?name=quickstart-postgres HTTP/1.1" 201 88
DEBUG:urllib3.connectionpool:http://localhost:None "GET /v1.45/containers/c65d58cae1ec676d961460020461a79e1c75ef1345cc0826cf6c2d0a49493ac6/json HTTP/1.1" 200 None
DEBUG:urllib3.connectionpool:http://localhost:None "POST /v1.45/containers/c65d58cae1ec676d961460020461a79e1c75ef1345cc0826cf6c2d0a49493ac6/start HTTP/1.1" 204 0
DEBUG:urllib3.connectionpool:http://localhost:None "GET /v1.45/containers/quickstart-redis/json HTTP/1.1" 404 50
DEBUG:urllib3.connectionpool:http://localhost:None "POST /v1.45/containers/create?name=quickstart-redis HTTP/1.1" 404 42
DEBUG:docker.auth:Looking for auth config
DEBUG:docker.auth:No auth config in memory - loading from filesystem
DEBUG:docker.utils.config:Trying paths: ['/home/lhe/.docker/config.json', '/home/lhe/.dockercfg']
DEBUG:docker.utils.config:No config file found
DEBUG:docker.auth:Looking for auth entry for 'docker.io'
DEBUG:docker.auth:No entry found
DEBUG:docker.auth:No auth config found
DEBUG:urllib3.connectionpool:http://localhost:None "POST /v1.45/images/create?tag=latest&fromImage=redis HTTP/1.1" 200 None
DEBUG:urllib3.connectionpool:http://localhost:None "GET /v1.45/images/redis:latest/json HTTP/1.1" 200 None
DEBUG:urllib3.connectionpool:http://localhost:None "POST /v1.45/containers/create?name=quickstart-redis HTTP/1.1" 201 88
DEBUG:urllib3.connectionpool:http://localhost:None "GET /v1.45/containers/2661cc15373500f7121dba0d7489f4ed67ea584d56137a44321cfc7745d61a74/json HTTP/1.1" 200 None
DEBUG:urllib3.connectionpool:http://localhost:None "POST /v1.45/containers/2661cc15373500f7121dba0d7489f4ed67ea584d56137a44321cfc7745d61a74/start HTTP/1.1" 204 0
DEBUG:urllib3.connectionpool:http://localhost:None "GET /v1.45/containers/quickstart-clickhouse/json HTTP/1.1" 404 55
DEBUG:urllib3.connectionpool:http://localhost:None "POST /v1.45/containers/create?name=quickstart-clickhouse HTTP/1.1" 404 69
DEBUG:docker.auth:Looking for auth config
DEBUG:docker.auth:No auth config in memory - loading from filesystem
DEBUG:docker.utils.config:Trying paths: ['/home/lhe/.docker/config.json', '/home/lhe/.dockercfg']
DEBUG:docker.utils.config:No config file found
DEBUG:docker.auth:Looking for auth entry for 'docker.io'
DEBUG:docker.auth:No entry found
DEBUG:docker.auth:No auth config found
DEBUG:urllib3.connectionpool:http://localhost:None "POST /v1.45/images/create?tag=latest&fromImage=featureformcom%2Fclickhouse-server HTTP/1.1" 200 None
DEBUG:urllib3.connectionpool:http://localhost:None "GET /v1.45/images/featureformcom/clickhouse-server:latest/json HTTP/1.1" 200 None
DEBUG:urllib3.connectionpool:http://localhost:None "POST /v1.45/containers/create?name=quickstart-clickhouse HTTP/1.1" 201 88
DEBUG:urllib3.connectionpool:http://localhost:None "GET /v1.45/containers/c57b2d26532a4cc2ea8be48a0ef14100ce38a6eabb39316ef5b5a49e5db7e606/json HTTP/1.1" 200 None
DEBUG:urllib3.connectionpool:http://localhost:None "POST /v1.45/containers/c57b2d26532a4cc2ea8be48a0ef14100ce38a6eabb39316ef5b5a49e5db7e606/start HTTP/1.1" 204 0
DEBUG:urllib3.connectionpool:Starting new HTTPS connection (1): featureform-demo-files.s3.amazonaws.com:443
DEBUG:urllib3.connectionpool:https://featureform-demo-files.s3.amazonaws.com:443 "GET /definitions.py HTTP/1.1" 200 1359
DEBUG:urllib3.connectionpool:Starting new HTTPS connection (1): featureform-demo-files.s3.amazonaws.com:443
DEBUG:urllib3.connectionpool:https://featureform-demo-files.s3.amazonaws.com:443 "GET /serving.py HTTP/1.1" 200 291
DEBUG:urllib3.connectionpool:Starting new HTTPS connection (1): featureform-demo-files.s3.amazonaws.com:443
DEBUG:urllib3.connectionpool:https://featureform-demo-files.s3.amazonaws.com:443 "GET /training.py HTTP/1.1" 200 223
DEBUG:urllib3.connectionpool:Starting new HTTPS connection (1): version.featureform.com:443
DEBUG:urllib3.connectionpool:Starting new HTTPS connection (1): version.featureform.com:443
DEBUG:urllib3.connectionpool:https://version.featureform.com:443 "GET /?local=False&client=register&version=1.12.6 HTTP/1.1" 200 0
DEBUG:urllib3.connectionpool:https://version.featureform.com:443 "GET /?local=False&client=serving&version=1.12.6 HTTP/1.1" 200 0
DEBUG:urllib3.connectionpool:Starting new HTTPS connection (1): version.featureform.com:443
DEBUG:urllib3.connectionpool:https://version.featureform.com:443 "GET /?local=False&client=serving&version=1.12.6 HTTP/1.1" 200 0
DEBUG:docker.utils.config:Trying paths: ['/home/lhe/.docker/config.json', '/home/lhe/.dockercfg']
DEBUG:docker.utils.config:No config file found
DEBUG:docker.utils.config:Trying paths: ['/home/lhe/.docker/config.json', '/home/lhe/.dockercfg']
DEBUG:docker.utils.config:No config file found
DEBUG:urllib3.connectionpool:http://localhost:None "GET /version HTTP/1.1" 200 828
DEBUG:urllib3.connectionpool:http://localhost:None "GET /v1.45/containers/featureform/json HTTP/1.1" 200 None
DEBUG:urllib3.connectionpool:http://localhost:None "POST /v1.45/containers/c7078e29f1fb1cceea32baa3b5705c065428f20d4b7c232b98c06c0034d55938/stop HTTP/1.1" 204 0
DEBUG:urllib3.connectionpool:http://localhost:None "GET /v1.45/containers/quickstart-postgres/json HTTP/1.1" 200 None
DEBUG:urllib3.connectionpool:http://localhost:None "POST /v1.45/containers/c65d58cae1ec676d961460020461a79e1c75ef1345cc0826cf6c2d0a49493ac6/stop HTTP/1.1" 204 0
DEBUG:urllib3.connectionpool:http://localhost:None "GET /v1.45/containers/quickstart-redis/json HTTP/1.1" 200 None
DEBUG:urllib3.connectionpool:http://localhost:None "POST /v1.45/containers/2661cc15373500f7121dba0d7489f4ed67ea584d56137a44321cfc7745d61a74/stop HTTP/1.1" 204 0
DEBUG:urllib3.connectionpool:http://localhost:None "GET /v1.45/containers/quickstart-clickhouse/json HTTP/1.1" 200 None
DEBUG:urllib3.connectionpool:http://localhost:None "POST /v1.45/containers/c57b2d26532a4cc2ea8be48a0ef14100ce38a6eabb39316ef5b5a49e5db7e606/stop HTTP/1.1" 204 0
